Using pre-set license
Built from '2022.3/staging' branch; Version is '2022.3.7f1 (b16b3b16c7a0) revision 11627323'; Using compiler version '192829333'; Build Type 'Release'
OS: 'Windows 10  (10.0.19045) 64bit Enterprise' Language: 'en' Physical Memory: 32475 MB
BatchMode: 1, IsHumanControllingUs: 0, StartBugReporterOnCrash: 0, Is64bit: 1, IsPro: 1

COMMAND LINE ARGUMENTS:
C:\Program Files\Unity\Hub\Editor\2022.3.7f1\Editor\Unity.exe
-adb2
-batchMode
-noUpm
-name
AssetImportWorker2
-projectPath
C:/Users/60022980/Documents/Final Assesment
-logFile
Logs/AssetImportWorker2.log
-srvPort
57609
Successfully changed project path to: C:/Users/60022980/Documents/Final Assesment
C:/Users/60022980/Documents/Final Assesment
[UnityMemory] Configuration Parameters - Can be set up in boot.config
    "memorysetup-bucket-allocator-granularity=16"
    "memorysetup-bucket-allocator-bucket-count=8"
    "memorysetup-bucket-allocator-block-size=33554432"
    "memorysetup-bucket-allocator-block-count=8"
    "memorysetup-main-allocator-block-size=16777216"
    "memorysetup-thread-allocator-block-size=16777216"
    "memorysetup-gfx-main-allocator-block-size=16777216"
    "memorysetup-gfx-thread-allocator-block-size=16777216"
    "memorysetup-cache-allocator-block-size=4194304"
    "memorysetup-typetree-allocator-block-size=2097152"
    "memorysetup-profiler-bucket-allocator-granularity=16"
    "memorysetup-profiler-bucket-allocator-bucket-count=8"
    "memorysetup-profiler-bucket-allocator-block-size=33554432"
    "memorysetup-profiler-bucket-allocator-block-count=8"
    "memorysetup-profiler-allocator-block-size=16777216"
    "memorysetup-profiler-editor-allocator-block-size=1048576"
    "memorysetup-temp-allocator-size-main=16777216"
    "memorysetup-job-temp-allocator-block-size=2097152"
    "memorysetup-job-temp-allocator-block-size-background=1048576"
    "memorysetup-job-temp-allocator-reduction-small-platforms=262144"
    "memorysetup-allocator-temp-initial-block-size-main=262144"
    "memorysetup-allocator-temp-initial-block-size-worker=262144"
    "memorysetup-temp-allocator-size-background-worker=32768"
    "memorysetup-temp-allocator-size-job-worker=262144"
    "memorysetup-temp-allocator-size-preload-manager=33554432"
    "memorysetup-temp-allocator-size-nav-mesh-worker=65536"
    "memorysetup-temp-allocator-size-audio-worker=65536"
    "memorysetup-temp-allocator-size-cloud-worker=32768"
    "memorysetup-temp-allocator-size-gi-baking-worker=262144"
    "memorysetup-temp-allocator-size-gfx=262144"
Player connection [12360] Host "[IP] 10.0.4.116 [Port] 0 [Flags] 2 [Guid] 1164044306 [EditorId] 1164044306 [Version] 1048832 [Id] WindowsEditor(7,NA-282-21) [Debug] 1 [PackageName] WindowsEditor [ProjectName] Editor" joined multi-casting on [225.0.0.222:54997]...

Player connection [12360] Host "[IP] 10.0.4.116 [Port] 0 [Flags] 2 [Guid] 1164044306 [EditorId] 1164044306 [Version] 1048832 [Id] WindowsEditor(7,NA-282-21) [Debug] 1 [PackageName] WindowsEditor [ProjectName] Editor" joined alternative multi-casting on [225.0.0.222:34997]...

Refreshing native plugins compatible for Editor in 17.44 ms, found 8 plugins.
Preloading 0 native plugins for Editor in 0.00 ms.
Initialize engine version: 2022.3.7f1 (b16b3b16c7a0)
[Subsystems] Discovering subsystems at path C:/Program Files/Unity/Hub/Editor/2022.3.7f1/Editor/Data/Resources/UnitySubsystems
[Subsystems] Discovering subsystems at path C:/Users/60022980/Documents/Final Assesment/Assets
GfxDevice: creating device client; threaded=0; jobified=0
Direct3D:
    Version:  Direct3D 11.0 [level 11.1]
    Renderer: NVIDIA GeForce RTX 2080 SUPER (ID=0x1e81)
    Vendor:   NVIDIA
    VRAM:     8001 MB
    Driver:   31.0.15.3734
Initialize mono
Mono path[0] = 'C:/Program Files/Unity/Hub/Editor/2022.3.7f1/Editor/Data/Managed'
Mono path[1] = 'C:/Program Files/Unity/Hub/Editor/2022.3.7f1/Editor/Data/MonoBleedingEdge/lib/mono/unityjit-win32'
Mono config path = 'C:/Program Files/Unity/Hub/Editor/2022.3.7f1/Editor/Data/MonoBleedingEdge/etc'
Using monoOptions --debugger-agent=transport=dt_socket,embedding=1,server=y,suspend=n,address=127.0.0.1:56336
Begin MonoManager ReloadAssembly
Registering precompiled unity dll's ...
Register platform support module: C:/Program Files/Unity/Hub/Editor/2022.3.7f1/Editor/Data/PlaybackEngines/WebGLSupport/UnityEditor.WebGL.Extensions.dll
Register platform support module: C:/Program Files/Unity/Hub/Editor/2022.3.7f1/Editor/Data/PlaybackEngines/WindowsStandaloneSupport/UnityEditor.WindowsStandalone.Extensions.dll
Registered in 0.010353 seconds.
- Loaded All Assemblies, in  0.429 seconds
Native extension for WindowsStandalone target not found
Native extension for WebGL target not found
Mono: successfully reloaded assembly
- Finished resetting the current domain, in  0.271 seconds
Domain Reload Profiling: 699ms
	BeginReloadAssembly (156ms)
		ExecutionOrderSort (0ms)
		DisableScriptedObjects (0ms)
		BackupInstance (0ms)
		ReleaseScriptingObjects (0ms)
		CreateAndSetChildDomain (2ms)
	RebuildCommonClasses (37ms)
	RebuildNativeTypeToScriptingClass (11ms)
	initialDomainReloadingComplete (60ms)
	LoadAllAssembliesAndSetupDomain (164ms)
		LoadAssemblies (151ms)
		RebuildTransferFunctionScriptingTraits (0ms)
		AnalyzeDomain (161ms)
			TypeCache.Refresh (159ms)
				TypeCache.ScanAssembly (143ms)
			ScanForSourceGeneratedMonoScriptInfo (0ms)
			ResolveRequiredComponents (0ms)
	FinalizeReload (272ms)
		ReleaseScriptCaches (0ms)
		RebuildScriptCaches (0ms)
		SetupLoadedEditorAssemblies (201ms)
			LogAssemblyErrors (0ms)
			InitializePlatformSupportModulesInManaged (15ms)
			SetLoadedEditorAssemblies (6ms)
			RefreshPlugins (0ms)
			BeforeProcessingInitializeOnLoad (2ms)
			ProcessInitializeOnLoadAttributes (132ms)
			ProcessInitializeOnLoadMethodAttributes (46ms)
			AfterProcessingInitializeOnLoad (0ms)
			EditorAssembliesLoaded (0ms)
		ExecutionOrderSort2 (0ms)
		AwakeInstancesAfterBackupRestoration (0ms)
========================================================================
Worker process is ready to serve import requests
Begin MonoManager ReloadAssembly
Symbol file LoadedFromMemory doesn't match image C:\Users\60022980\Documents\Final Assesment\Library\PackageCache\com.unity.visualscripting@1.8.0\Editor\VisualScripting.Core\Dependencies\YamlDotNet\Unity.VisualScripting.YamlDotNet.dll
Symbol file LoadedFromMemory doesn't match image C:\Users\60022980\Documents\Final Assesment\Library\PackageCache\com.unity.visualscripting@1.8.0\Editor\VisualScripting.Core\Dependencies\DotNetZip\Unity.VisualScripting.IonicZip.dll
- Loaded All Assemblies, in  0.782 seconds
Refreshing native plugins compatible for Editor in 4.85 ms, found 8 plugins.
Native extension for WindowsStandalone target not found
Native extension for WebGL target not found
Mono: successfully reloaded assembly
- Finished resetting the current domain, in  0.552 seconds
Domain Reload Profiling: 1331ms
	BeginReloadAssembly (175ms)
		ExecutionOrderSort (0ms)
		DisableScriptedObjects (5ms)
		BackupInstance (0ms)
		ReleaseScriptingObjects (0ms)
		CreateAndSetChildDomain (34ms)
	RebuildCommonClasses (32ms)
	RebuildNativeTypeToScriptingClass (10ms)
	initialDomainReloadingComplete (44ms)
	LoadAllAssembliesAndSetupDomain (518ms)
		LoadAssemblies (384ms)
		RebuildTransferFunctionScriptingTraits (0ms)
		AnalyzeDomain (228ms)
			TypeCache.Refresh (191ms)
				TypeCache.ScanAssembly (173ms)
			ScanForSourceGeneratedMonoScriptInfo (23ms)
			ResolveRequiredComponents (12ms)
	FinalizeReload (552ms)
		ReleaseScriptCaches (0ms)
		RebuildScriptCaches (0ms)
		SetupLoadedEditorAssemblies (411ms)
			LogAssemblyErrors (0ms)
			InitializePlatformSupportModulesInManaged (7ms)
			SetLoadedEditorAssemblies (3ms)
			RefreshPlugins (0ms)
			BeforeProcessingInitializeOnLoad (78ms)
			ProcessInitializeOnLoadAttributes (295ms)
			ProcessInitializeOnLoadMethodAttributes (20ms)
			AfterProcessingInitializeOnLoad (7ms)
			EditorAssembliesLoaded (0ms)
		ExecutionOrderSort2 (0ms)
		AwakeInstancesAfterBackupRestoration (6ms)
Launched and connected shader compiler UnityShaderCompiler.exe after 0.12 seconds
Refreshing native plugins compatible for Editor in 9.00 ms, found 8 plugins.
Preloading 0 native plugins for Editor in 0.00 ms.
Unloading 3793 Unused Serialized files (Serialized files now loaded: 0)
Unloading 67 unused Assets / (0.6 MB). Loaded Objects now: 4263.
Memory consumption went from 150.1 MB to 149.4 MB.
Total: 6.568200 ms (FindLiveObjects: 0.580100 ms CreateObjectMapping: 0.329400 ms MarkObjects: 4.999200 ms  DeleteObjects: 0.657900 ms)

AssetImportParameters requested are different than current active one (requested -> active):
  custom:container-demuxer-ogg: 62fdf1f143b41e24485cea50d1cbac27 -> 
  custom:video-decoder-ogg-theora: a1e56fd34408186e4bbccfd4996cb3dc -> 
  custom:framework-win-MediaFoundation: 216162199b28c13a410421893ffa2e32 -> 
  custom:CustomObjectIndexerAttribute: 756ad292c208cfabdd7b50bc23989ffe -> 
  custom:container-demuxer-webm: 4f35f7cbe854078d1ac9338744f61a02 -> 
  custom:container-muxer-webm: aa71ff27fc2769a1b78a27578f13a17b -> 
  custom:video-decoder-webm-vp8: 9c59270c3fd7afecdb556c50c9e8de78 -> 
  custom:SearchIndexIgnoredProperties: e643bd26f0fe6173181afceb89e7c659 -> 
  custom:AudioImporter_EditorPlatform: d09bf68614088b80899f8185d706f6e7 -> 
  custom:video-encoder-webm-vp8: eb34c28f22e8b96e1ab97ce403110664 -> 
  custom:audio-decoder-ogg-vorbis: bf7c407c2cedff20999df2af8eb42d56 -> 
  custom:audio-encoder-webm-vorbis: bf7c407c2cedff20999df2af8eb42d56 -> 
========================================================================
Received Import Request.
  Time since last request: 1711412.848329 seconds.
  path: Assets/Remy@Jump.fbx
  artifactKey: Guid(ccd009797c5294348b64f7657b9eb6cc) Importer(815301076,1909f56bfc062723c751e8b465ee728b)
Start importing Assets/Remy@Jump.fbx using Guid(ccd009797c5294348b64f7657b9eb6cc) Importer(815301076,1909f56bfc062723c751e8b465ee728b)  -> (artifact id: '1f943301b6ad0ad1d78ef5f74b338c8c') in 0.473594 seconds
Number of updated asset objects reloaded before import = 0
Number of asset objects unloaded after import = 183
========================================================================
Received Import Request.
  Time since last request: 96.385843 seconds.
  path: Assets/Bodymat.mat
  artifactKey: Guid(76933e6b7a54d18428cdce5a1ae6735d) Importer(815301076,1909f56bfc062723c751e8b465ee728b)
Start importing Assets/Bodymat.mat using Guid(76933e6b7a54d18428cdce5a1ae6735d) Importer(815301076,1909f56bfc062723c751e8b465ee728b)  -> (artifact id: 'bac751865c777c9ea6d40679c49cb89f') in 0.061629 seconds
Number of updated asset objects reloaded before import = 0
Number of asset objects unloaded after import = 3
========================================================================
Received Import Request.
  Time since last request: 0.018429 seconds.
  path: Assets/Topmat.mat
  artifactKey: Guid(823d2285e9ed2334b97e72b4c27e38fb) Importer(815301076,1909f56bfc062723c751e8b465ee728b)
Start importing Assets/Topmat.mat using Guid(823d2285e9ed2334b97e72b4c27e38fb) Importer(815301076,1909f56bfc062723c751e8b465ee728b)  -> (artifact id: '464b0c0e577d77937b65bfebd62511d9') in 0.025427 seconds
Number of updated asset objects reloaded before import = 0
Number of asset objects unloaded after import = 3
========================================================================
Received Import Request.
  Time since last request: 0.000049 seconds.
  path: Assets/Eyelashmat.mat
  artifactKey: Guid(94eca29bfa7e30d42a8af252b2893566) Importer(815301076,1909f56bfc062723c751e8b465ee728b)
Start importing Assets/Eyelashmat.mat using Guid(94eca29bfa7e30d42a8af252b2893566) Importer(815301076,1909f56bfc062723c751e8b465ee728b)  -> (artifact id: 'dc994785fc22ed063613968f59d82d7e') in 0.024717 seconds
Number of updated asset objects reloaded before import = 0
Number of asset objects unloaded after import = 3
========================================================================
Received Import Request.
  Time since last request: 0.000015 seconds.
  path: Assets/Shoesmat.mat
  artifactKey: Guid(39daa67af5bf36c4ab683d9e36612de3) Importer(815301076,1909f56bfc062723c751e8b465ee728b)
Start importing Assets/Shoesmat.mat using Guid(39daa67af5bf36c4ab683d9e36612de3) Importer(815301076,1909f56bfc062723c751e8b465ee728b)  -> (artifact id: 'aa512b9a44be3486de9151de0afb7aa4') in 0.024478 seconds
Number of updated asset objects reloaded before import = 0
Number of asset objects unloaded after import = 3
========================================================================
Received Import Request.
  Time since last request: 0.000021 seconds.
  path: Assets/Hairmat.mat
  artifactKey: Guid(72dcef7a2c1255f4c905ca45b559ca58) Importer(815301076,1909f56bfc062723c751e8b465ee728b)
Start importing Assets/Hairmat.mat using Guid(72dcef7a2c1255f4c905ca45b559ca58) Importer(815301076,1909f56bfc062723c751e8b465ee728b)  -> (artifact id: '10eb24291067a5fc7602e87d0df637ba') in 0.012108 seconds
Number of updated asset objects reloaded before import = 0
Number of asset objects unloaded after import = 3
========================================================================
Received Import Request.
  Time since last request: 0.000033 seconds.
  path: Assets/Bottommat.mat
  artifactKey: Guid(79a69bf67b8388c48bfa4cfe688debc7) Importer(815301076,1909f56bfc062723c751e8b465ee728b)
Start importing Assets/Bottommat.mat using Guid(79a69bf67b8388c48bfa4cfe688debc7) Importer(815301076,1909f56bfc062723c751e8b465ee728b)  -> (artifact id: '167b0499b73c2d61a87baacc2e42b0f6') in 0.015053 seconds
Number of updated asset objects reloaded before import = 0
Number of asset objects unloaded after import = 3
========================================================================
Received Import Request.
  Time since last request: 55.375902 seconds.
  path: Assets/Bottommat.mat
  artifactKey: Guid(79a69bf67b8388c48bfa4cfe688debc7) Importer(815301076,1909f56bfc062723c751e8b465ee728b)
Start importing Assets/Bottommat.mat using Guid(79a69bf67b8388c48bfa4cfe688debc7) Importer(815301076,1909f56bfc062723c751e8b465ee728b)  -> (artifact id: 'a0b3270550b3027da70dcad062bd7a23') in 0.022720 seconds
Number of updated asset objects reloaded before import = 0
Number of asset objects unloaded after import = 3
========================================================================
Received Import Request.
  Time since last request: 0.000016 seconds.
  path: Assets/Topmat.mat
  artifactKey: Guid(823d2285e9ed2334b97e72b4c27e38fb) Importer(815301076,1909f56bfc062723c751e8b465ee728b)
Start importing Assets/Topmat.mat using Guid(823d2285e9ed2334b97e72b4c27e38fb) Importer(815301076,1909f56bfc062723c751e8b465ee728b)  -> (artifact id: 'a2d7d97c7623189de635905370b010de') in 0.023743 seconds
Number of updated asset objects reloaded before import = 0
Number of asset objects unloaded after import = 3
========================================================================
Received Import Request.
  Time since last request: 0.000019 seconds.
  path: Assets/textures/Remy_Top_Normal - Copy.png
  artifactKey: Guid(a5d0018b9efb2ea45bf502df003998f3) Importer(815301076,1909f56bfc062723c751e8b465ee728b)
Start importing Assets/textures/Remy_Top_Normal - Copy.png using Guid(a5d0018b9efb2ea45bf502df003998f3) Importer(815301076,1909f56bfc062723c751e8b465ee728b)  -> (artifact id: '4781b5b02ff59d6f25664c9df7c1c499') in 0.050427 seconds
Number of updated asset objects reloaded before import = 0
Number of asset objects unloaded after import = 2
========================================================================
Received Import Request.
  Time since last request: 33.661713 seconds.
  path: Assets/textures/Bottommat - Copy.mat
  artifactKey: Guid(79a69bf67b8388c48bfa4cfe688debc7) Importer(815301076,1909f56bfc062723c751e8b465ee728b)
Start importing Assets/textures/Bottommat - Copy.mat using Guid(79a69bf67b8388c48bfa4cfe688debc7) Importer(815301076,1909f56bfc062723c751e8b465ee728b)  -> (artifact id: '06b56c27322f5103837c1c5247ca826d') in 0.031518 seconds
Number of updated asset objects reloaded before import = 0
Number of asset objects unloaded after import = 3
========================================================================
Received Import Request.
  Time since last request: 0.029600 seconds.
  path: Assets/textures/Remy_Body_Gloss - Copy.png
  artifactKey: Guid(54b424a9d343b5d48a2c64f5692ceeea) Importer(815301076,1909f56bfc062723c751e8b465ee728b)
Start importing Assets/textures/Remy_Body_Gloss - Copy.png using Guid(54b424a9d343b5d48a2c64f5692ceeea) Importer(815301076,1909f56bfc062723c751e8b465ee728b)  -> (artifact id: '3a07aa806bd6e6d481b8f38505c6cb56') in 0.022738 seconds
Number of updated asset objects reloaded before import = 0
Number of asset objects unloaded after import = 2
========================================================================
Received Import Request.
  Time since last request: 0.001742 seconds.
  path: Assets/textures/Remy_Bottom_Diffuse - Copy.png
  artifactKey: Guid(fd0c39bde9cd3b645a63678e7b964948) Importer(815301076,1909f56bfc062723c751e8b465ee728b)
Start importing Assets/textures/Remy_Bottom_Diffuse - Copy.png using Guid(fd0c39bde9cd3b645a63678e7b964948) Importer(815301076,1909f56bfc062723c751e8b465ee728b)  -> (artifact id: '9ede2b2ecff309a9278faa89d69382f3') in 0.016244 seconds
Number of updated asset objects reloaded before import = 0
Number of asset objects unloaded after import = 2
========================================================================
Received Import Request.
  Time since last request: 0.004021 seconds.
  path: Assets/textures/Remy_Hair_Specular - Copy.png
  artifactKey: Guid(e0f98270772415a45a2d2507e530de80) Importer(815301076,1909f56bfc062723c751e8b465ee728b)
Start importing Assets/textures/Remy_Hair_Specular - Copy.png using Guid(e0f98270772415a45a2d2507e530de80) Importer(815301076,1909f56bfc062723c751e8b465ee728b)  -> (artifact id: 'a9990addb64b0cb8c093b60fc62a2b9b') in 0.044025 seconds
Number of updated asset objects reloaded before import = 0
Number of asset objects unloaded after import = 2
========================================================================
Received Import Request.
  Time since last request: 0.000027 seconds.
  path: Assets/textures/Remy_Shoes_Normal - Copy.png
  artifactKey: Guid(007a60faa9238c543ac48003e8807692) Importer(815301076,1909f56bfc062723c751e8b465ee728b)
Start importing Assets/textures/Remy_Shoes_Normal - Copy.png using Guid(007a60faa9238c543ac48003e8807692) Importer(815301076,1909f56bfc062723c751e8b465ee728b)  -> (artifact id: 'e730f3a9b628ae1297fa109b9569ba6b') in 0.017160 seconds
Number of updated asset objects reloaded before import = 0
Number of asset objects unloaded after import = 2
========================================================================
Received Import Request.
  Time since last request: 0.000022 seconds.
  path: Assets/textures/Remy_Hair_Normal - Copy.png
  artifactKey: Guid(9e8f9c578cd322049a81d074f0defed5) Importer(815301076,1909f56bfc062723c751e8b465ee728b)
Start importing Assets/textures/Remy_Hair_Normal - Copy.png using Guid(9e8f9c578cd322049a81d074f0defed5) Importer(815301076,1909f56bfc062723c751e8b465ee728b)  -> (artifact id: 'c08cf1db67c9a8e237c4739a22f9dcab') in 0.014567 seconds
Number of updated asset objects reloaded before import = 0
Number of asset objects unloaded after import = 2
========================================================================
Received Import Request.
  Time since last request: 0.000038 seconds.
  path: Assets/textures/Remy_Body_Opacity - Copy.png
  artifactKey: Guid(598e88743287b5c43bf80e4e6dabccda) Importer(815301076,1909f56bfc062723c751e8b465ee728b)
Start importing Assets/textures/Remy_Body_Opacity - Copy.png using Guid(598e88743287b5c43bf80e4e6dabccda) Importer(815301076,1909f56bfc062723c751e8b465ee728b)  -> (artifact id: '741fb040e1893b25eabb7b60f2ac884b') in 0.015454 seconds
Number of updated asset objects reloaded before import = 0
Number of asset objects unloaded after import = 2
Editor requested this worker to shutdown with reason: Scaling down because of idle timeout
TcpMessagingSession - receive error: operation aborted. errorcode: 995, details: The I/O operation has been aborted because of either a thread exit or an application request.
AssetImportWorker is now disconnected from the server
Process exiting
Exiting without the bug reporter. Application will terminate with return code 0